<?xml version="1.0" encoding="UTF-8"?>
<testng-results ignored="0" total="1" passed="1" failed="0" skipped="0">
  <reporter-output>
  </reporter-output>
  <suite started-at="2023-12-15T22:10:40 IST" name="Default suite" finished-at="2023-12-15T22:10:50 IST" duration-ms="10407">
    <groups>
    </groups>
    <test started-at="2023-12-15T22:10:40 IST" name="Default test" finished-at="2023-12-15T22:10:50 IST" duration-ms="10407">
      <class name="Amazon_test.Amazon_Test">
        <test-method is-config="true" signature="openbrowserName()[pri:0, instance:Amazon_test.Amazon_Test@58695725]" started-at="2023-12-15T22:10:40 IST" name="openbrowserName" finished-at="2023-12-15T22:10:46 IST" duration-ms="6277" status="PASS">
          <reporter-output>
          </reporter-output>
        </test-method> <!-- openbrowserName -->
        <test-method signature="amazonTest()[pri:0, instance:Amazon_test.Amazon_Test@58695725]" started-at="2023-12-15T22:10:46 IST" name="amazonTest" finished-at="2023-12-15T22:10:50 IST" duration-ms="4093" status="PASS">
          <reporter-output>
          </reporter-output>
        </test-method> <!-- amazonTest -->
        <test-method is-config="true" signature="tearDown()[pri:0, instance:Amazon_test.Amazon_Test@58695725]" started-at="2023-12-15T22:10:50 IST" name="tearDown" finished-at="2023-12-15T22:10:50 IST" duration-ms="0" status="PASS">
          <reporter-output>
          </reporter-output>
        </test-method> <!-- tearDown -->
      </class> <!-- Amazon_test.Amazon_Test -->
    </test> <!-- Default test -->
  </suite> <!-- Default suite -->
</testng-results>
